c:\users\jmart\onedrive\pulpit\projekt_7\debug\vc142.pdb
c:\users\jmart\onedrive\pulpit\projekt_7\debug\vc142.idb
c:\users\jmart\onedrive\pulpit\projekt_7\debug\shaderprogram.obj
c:\users\jmart\onedrive\pulpit\projekt_7\debug\main_file.obj
c:\users\jmart\onedrive\pulpit\projekt_7\debug\lodepng.obj
c:\users\jmart\onedrive\pulpit\projekt_7 — kopia\debug\vc142.pdb
c:\users\jmart\onedrive\pulpit\projekt_7 — kopia\debug\vc142.idb
c:\users\jmart\onedrive\pulpit\projekt_7 — kopia\debug\shaderprogram.obj
c:\users\jmart\onedrive\pulpit\projekt_7 — kopia\debug\main_file.obj
c:\users\jmart\onedrive\pulpit\projekt_7 — kopia\debug\lodepng.obj
c:\users\jmart\onedrive\pulpit\projekt_7\debug\pl_szkielet_06_win.exe
c:\users\jmart\onedrive\pulpit\projekt_7\debug\pl_szkielet_06_win.ilk
c:\users\jmart\onedrive\pulpit\projekt_7\debug\pl_szkielet_06_win.pdb
c:\users\jmart\onedrive\pulpit\projekt_7 — kopia\debug\pl_szkielet_06_win.pdb
c:\users\jmart\onedrive\pulpit\projekt_7 — kopia\debug\pl_szkie.7288c82c.tlog\cl.command.1.tlog
c:\users\jmart\onedrive\pulpit\projekt_7 — kopia\debug\pl_szkie.7288c82c.tlog\cl.read.1.tlog
c:\users\jmart\onedrive\pulpit\projekt_7 — kopia\debug\pl_szkie.7288c82c.tlog\cl.write.1.tlog
c:\users\jmart\onedrive\pulpit\projekt_7 — kopia\debug\pl_szkie.7288c82c.tlog\link.command.1.tlog
c:\users\jmart\onedrive\pulpit\projekt_7 — kopia\debug\pl_szkie.7288c82c.tlog\link.read.1.tlog
c:\users\jmart\onedrive\pulpit\projekt_7 — kopia\debug\pl_szkie.7288c82c.tlog\link.write.1.tlog
